<testsuites overall-result="failed">
 <properties>
  <property name="baseosci.overall-result" value="failed"/>
 </properties>
 <testsuite name="/plans/all" result="failed" tests="1">
  <logs>
   <log guest-setup-stage="artifact_installation" href="https://artifacts.dev.testing-farm.io/7d6a6cbf-3cd5-49fb-aca1-f76ffa0734aa/guest-setup-28abf718-5b64-44a2-8908-0aa8db87b616/artifact-installation-28abf718-5b64-44a2-8908-0aa8db87b616" name="Copr build(s) installation" schedule-stage="guest-setup"/>
   <log guest-setup-stage="pre_artifact_installation" href="https://artifacts.dev.testing-farm.io/7d6a6cbf-3cd5-49fb-aca1-f76ffa0734aa/guest-setup-28abf718-5b64-44a2-8908-0aa8db87b616/guest-setup-output-pre-artifact-installation.txt" name="guest setup" schedule-stage="guest-setup"/>
   <log guest-setup-stage="post_artifact_installation" href="https://artifacts.dev.testing-farm.io/7d6a6cbf-3cd5-49fb-aca1-f76ffa0734aa/guest-setup-28abf718-5b64-44a2-8908-0aa8db87b616/guest-setup-output-post-artifact-installation.txt" name="guest setup" schedule-stage="guest-setup"/>
   <log href="./scenarios/tmt-single-fail/work-allw5U7yu/tmt-reproducer.sh" name="tmt-reproducer"/>
   <log href="./scenarios/tmt-single-fail/work-allw5U7yu" name="workdir"/>
  </logs>
  <properties>
   <property name="baseosci.result" value="failed"/>
  </properties>
  <testcase name="/tests" result="failed">
   <note>check 'dmesg' failed</note>
   <note>original test result: pass</note>
   <properties>
    <property name="baseosci.arch" value="x86_64"/>
    <property name="baseosci.connectable_host" value="13.58.236.184"/>
    <property name="baseosci.distro" value="Fedora-37"/>
    <property name="baseosci.status" value="Complete"/>
    <property name="baseosci.testcase.source.url" value=""/>
    <property name="baseosci.variant" value=""/>
   </properties>
   <logs>
    <log href="./scenarios/tmt-single-fail/work-allw5U7yu/plans/all/execute/data/tests" name="log_dir" schedule-entry="/plans/all" schedule-stage="running"/>
    <log href="./scenarios/tmt-single-fail/work-allw5U7yu/plans/all/execute/data/tests/output.txt" name="testout.log" schedule-entry="/plans/all" schedule-stage="running"/>
   </logs>
   <testing-environment name="requested">
    <property name="arch" value="x86_64"/>
    <property name="compose" value="Fedora-37"/>
    <property name="snapshots" value="False"/>
   </testing-environment>
   <testing-environment name="provisioned">
    <property name="arch" value="x86_64"/>
    <property name="compose" value="Fedora-37"/>
    <property name="snapshots" value="False"/>
   </testing-environment>
   <subresults>
    <subresult name="/some-test" result="pass" original-result="pass" end-time="2025-02-04T09:10:12.549559+00:00">
     <logs>
      <log href="https://artifacts.dev.testing-farm.io/8587cad1-aa42-46a8-97fc-21cc612d8edb/work-sanity3yq55pww/testing-farm/sanity/execute/data/guest/default-0/testing-farm/script-1/data/some-test_log1.txt" name="some-test_log1.txt"/>
     </logs>
    </subresult>
    <subresult name="/some-other-test" result="pass" original-result="pass" end-time="2025-02-04T09:10:12.571171+00:00">
     <logs>
      <log href="https://artifacts.dev.testing-farm.io/8587cad1-aa42-46a8-97fc-21cc612d8edb33b68574975c/work-sanity3yq55pww/testing-farm/sanity/execute/data/guest/default-0/testing-farm/script-1/data/some-other-test_log2.txt" name="some-other-test_log2.txt"/>
     </logs>
    </subresult>
    <subresult name="/some-test" result="fail" original-result="fail" end-time="2025-02-04T09:10:12.578504+00:00"/>
   </subresults>
   <checks checks="4" errors="1" failures="1">
    <check name="dmesg" result="fail" event="before-test">
     <logs>
      <log href="https://artifacts.dev.testing-farm.io/8587cad1-aa42-46a8-97fc-21cc612d8edb33b68574975c/work-sanity3yq55pww/testing-farm/sanity/execute/data/guest/default-0/testing-farm/script-1/selinux_state_check/smoke/tests/selinux/selinux_check-1/checks/dmesg-before-test.txt" name="dmesg-before-test.txt"/>
     </logs>
    </check>
    <check name="dmesg" result="pass" event="after-test">
     <logs>
      <log href="https://artifacts.dev.testing-farm.io/8587cad1-aa42-46a8-97fc-21cc612d8edb33b68574975c/work-sanity3yq55pww/testing-farm/sanity/execute/data/guest/default-0/testing-farm/script-1/selinux_state_check/smoke/tests/selinux/selinux_check-1/checks/dmesg-after-test.txt" name="dmesg-after-test.txt"/>
     </logs>
    </check>
    <check name="avc" result="error" event="before-test">
     <logs>
      <log href="https://artifacts.dev.testing-farm.io/8587cad1-aa42-46a8-97fc-21cc612d8edb33b68574975c/work-sanity3yq55pww/testing-farm/sanity/execute/data/guest/default-0/testing-farm/script-1/checks/avc-before-test.txt" name="avc-before-test.txt"/>
     </logs>
    </check>
    <check name="avc" result="skip" event="after-test">
     <logs/>
    </check>
   </checks>
  </testcase>
 </testsuite>
</testsuites>
