<?xml version="1.0" encoding="UTF-8"?>
<testsuites overall-result="passed">
 <properties>
  <property name="baseosci.overall-result" value="passed"/>
 </properties>
 <testsuite name="/testing-farm/sanity" result="passed" tests="1">
  <logs>
   <log href="https://artifacts.dev.testing-farm.io/e18543bb-8147-47d5-9598-734280d78e43/work-sanity_xnr3j76/tmt-run.log" name="tmt-log"/>
   <log href="https://artifacts.dev.testing-farm.io/e18543bb-8147-47d5-9598-734280d78e43/work-sanity_xnr3j76/tmt-reproducer.sh" name="tmt-reproducer"/>
   <log href="https://artifacts.dev.testing-farm.io/e18543bb-8147-47d5-9598-734280d78e43/work-sanity_xnr3j76" name="workdir"/>
  </logs>
  <properties>
   <property name="baseosci.result" value="passed"/>
  </properties>
  <testcase name="/testing-farm/script" result="passed">
   <properties>
    <property name="baseosci.arch" value="x86_64"/>
    <property name="baseosci.connectable_host" value="localhost"/>
    <property name="baseosci.distro" value="None"/>
    <property name="baseosci.status" value="Complete"/>
    <property name="baseosci.testcase.source.url" value=""/>
    <property name="baseosci.variant" value=""/>
   </properties>
   <logs>
    <log href="https://artifacts.dev.testing-farm.io/e18543bb-8147-47d5-9598-734280d78e43/work-sanity_xnr3j76/testing-farm/sanity/execute/data/guest/default-0/testing-farm/script-1" name="log_dir" schedule-entry="None:x86_64:/testing-farm/sanity" schedule-stage="running"/>
    <log href="https://artifacts.dev.testing-farm.io/e18543bb-8147-47d5-9598-734280d78e43/work-sanity_xnr3j76/testing-farm/sanity/execute/data/guest/default-0/testing-farm/script-1/output.txt" name="testout.log" schedule-entry="None:x86_64:/testing-farm/sanity" schedule-stage="running"/>
   </logs>
   <testing-environment name="requested">
    <property name="arch" value="x86_64"/>
    <property name="snapshots" value="False"/>
   </testing-environment>
   <testing-environment name="provisioned">
    <property name="arch" value="x86_64"/>
    <property name="snapshots" value="False"/>
   </testing-environment>
  </testcase>
  <testing-environment name="requested">
   <property name="arch" value="x86_64"/>
   <property name="snapshots" value="False"/>
  </testing-environment>
  <testing-environment name="provisioned">
   <property name="arch" value="x86_64"/>
   <property name="snapshots" value="False"/>
  </testing-environment>
 </testsuite>
 <testsuite name="/testing-farm/sanity1" result="passed" tests="1">
  <logs>
   <log href="https://artifacts.dev.testing-farm.io/e18543bb-8147-47d5-9598-734280d78e43/work-sanity_xnr3j76/tmt-run.log" name="tmt-log"/>
   <log href="https://artifacts.dev.testing-farm.io/e18543bb-8147-47d5-9598-734280d78e43/work-sanity_xnr3j76/tmt-reproducer.sh" name="tmt-reproducer"/>
   <log href="https://artifacts.dev.testing-farm.io/e18543bb-8147-47d5-9598-734280d78e43/work-sanity_xnr3j76" name="workdir"/>
  </logs>
  <properties>
   <property name="baseosci.result" value="passed"/>
  </properties>
  <testcase name="/testing-farm/script" result="passed">
   <properties>
    <property name="baseosci.arch" value="x86_64"/>
    <property name="baseosci.connectable_host" value="localhost"/>
    <property name="baseosci.distro" value="None"/>
    <property name="baseosci.status" value="Complete"/>
    <property name="baseosci.testcase.source.url" value=""/>
    <property name="baseosci.variant" value=""/>
   </properties>
   <logs>
    <log href="https://artifacts.dev.testing-farm.io/e18543bb-8147-47d5-9598-734280d78e43/work-sanity_xnr3j76/testing-farm/sanity/execute/data/guest/default-0/testing-farm/script-1" name="log_dir" schedule-entry="None:x86_64:/testing-farm/sanity" schedule-stage="running"/>
    <log href="https://artifacts.dev.testing-farm.io/e18543bb-8147-47d5-9598-734280d78e43/work-sanity_xnr3j76/testing-farm/sanity/execute/data/guest/default-0/testing-farm/script-1/output.txt" name="testout.log" schedule-entry="None:x86_64:/testing-farm/sanity" schedule-stage="running"/>
   </logs>
   <testing-environment name="requested">
    <property name="arch" value="x86_64"/>
    <property name="compose" value="Fedora-Rawhide"/>
    <property name="snapshots" value="False"/>
   </testing-environment>
   <testing-environment name="provisioned">
    <property name="arch" value="x86_64"/>
    <property name="compose" value="Fedora-Rawhide"/>
    <property name="snapshots" value="False"/>
   </testing-environment>
  </testcase>
  <testing-environment name="requested">
   <property name="arch" value="x86_64"/>
   <property name="compose" value="Fedora-Rawhide"/>
   <property name="snapshots" value="False"/>
  </testing-environment>
  <testing-environment name="provisioned">
   <property name="arch" value="x86_64"/>
   <property name="compose" value="Fedora-Rawhide"/>
   <property name="snapshots" value="False"/>
  </testing-environment>
 </testsuite>
</testsuites>
