<?xml version="1.0" encoding="UTF-8"?>
<testsuites overall-result="passed">
 <properties>
  <property name="baseosci.overall-result" value="passed"/>
 </properties>
 <testsuite name="/testing-farm/multihost" result="passed" tests="5">
  <logs>
   <log href="https://artifacts.dev.testing-farm.io/8cc7bad4-50a8-4db5-a9c2-57e2f6e14df9/work-multihostk_smrl39/tmt-run.log" name="tmt-log"/>
   <log href="https://artifacts.dev.testing-farm.io/8cc7bad4-50a8-4db5-a9c2-57e2f6e14df9/work-multihostk_smrl39/tmt-reproducer.sh" name="tmt-reproducer"/>
   <log href="https://artifacts.dev.testing-farm.io/8cc7bad4-50a8-4db5-a9c2-57e2f6e14df9/work-multihostk_smrl39" name="workdir"/>
  </logs>
  <properties>
   <property name="baseosci.result" value="passed"/>
  </properties>
  <testcase name="/server-setup/testing-farm/tests/multihost/A" result="passed" serial-number="1">
   <properties>
    <property name="baseosci.status" value="Complete"/>
    <property name="baseosci.testcase.source.url" value=""/>
    <property name="baseosci.variant" value=""/>
   </properties>
   <logs>
    <log href="https://artifacts.dev.testing-farm.io/8cc7bad4-50a8-4db5-a9c2-57e2f6e14df9/work-multihostk_smrl39/testing-farm/multihost/execute/data/guest/server/server-setup/testing-farm/tests/multihost/A-1" name="log_dir" schedule-entry="Fedora-Rawhide:x86_64:/testing-farm/multihost" schedule-stage="running"/>
    <log href="https://artifacts.dev.testing-farm.io/8cc7bad4-50a8-4db5-a9c2-57e2f6e14df9/work-multihostk_smrl39/testing-farm/multihost/execute/data/guest/server/server-setup/testing-farm/tests/multihost/A-1/output.txt" name="testout.log" schedule-entry="Fedora-Rawhide:x86_64:/testing-farm/multihost" schedule-stage="running"/>
   </logs>
   <guest name="server">
    <testing-environment name="provisioned">
     <property name="arch" value="x86_64"/>
     <property name="compose" value="Fedora-Rawhide"/>
     <property name="snapshots" value="False"/>
    </testing-environment>
   </guest>
  </testcase>
  <testcase name="/tests/testing-farm/tests/multihost/B" result="passed" serial-number="2">
   <properties>
    <property name="baseosci.status" value="Complete"/>
    <property name="baseosci.testcase.source.url" value=""/>
    <property name="baseosci.variant" value=""/>
   </properties>
   <logs>
    <log href="https://artifacts.dev.testing-farm.io/8cc7bad4-50a8-4db5-a9c2-57e2f6e14df9/work-multihostk_smrl39/testing-farm/multihost/execute/data/guest/server/tests/testing-farm/tests/multihost/B-2" name="log_dir" schedule-entry="Fedora-Rawhide:x86_64:/testing-farm/multihost" schedule-stage="running"/>
    <log href="https://artifacts.dev.testing-farm.io/8cc7bad4-50a8-4db5-a9c2-57e2f6e14df9/work-multihostk_smrl39/testing-farm/multihost/execute/data/guest/server/tests/testing-farm/tests/multihost/B-2/output.txt" name="testout.log" schedule-entry="Fedora-Rawhide:x86_64:/testing-farm/multihost" schedule-stage="running"/>
   </logs>
   <guest name="server">
    <testing-environment name="provisioned">
     <property name="arch" value="x86_64"/>
     <property name="compose" value="Fedora-Rawhide"/>
     <property name="snapshots" value="False"/>
    </testing-environment>
   </guest>
  </testcase>
  <testcase name="/tests/testing-farm/tests/multihost/B" result="passed" serial-number="2">
   <properties>
    <property name="baseosci.status" value="Complete"/>
    <property name="baseosci.testcase.source.url" value=""/>
    <property name="baseosci.variant" value=""/>
   </properties>
   <logs>
    <log href="https://artifacts.dev.testing-farm.io/8cc7bad4-50a8-4db5-a9c2-57e2f6e14df9/work-multihostk_smrl39/testing-farm/multihost/execute/data/guest/client/tests/testing-farm/tests/multihost/B-2" name="log_dir" schedule-entry="Fedora-Rawhide:x86_64:/testing-farm/multihost" schedule-stage="running"/>
    <log href="https://artifacts.dev.testing-farm.io/8cc7bad4-50a8-4db5-a9c2-57e2f6e14df9/work-multihostk_smrl39/testing-farm/multihost/execute/data/guest/client/tests/testing-farm/tests/multihost/B-2/output.txt" name="testout.log" schedule-entry="Fedora-Rawhide:x86_64:/testing-farm/multihost" schedule-stage="running"/>
   </logs>
   <guest name="client">
    <testing-environment name="provisioned">
     <property name="arch" value="aarch64"/>
     <property name="compose" value="Fedora-40"/>
     <property name="snapshots" value="False"/>
    </testing-environment>
   </guest>
  </testcase>
  <testcase name="/tests/testing-farm/tests/multihost/C" result="passed" serial-number="3">
   <properties>
    <property name="baseosci.status" value="Complete"/>
    <property name="baseosci.testcase.source.url" value=""/>
    <property name="baseosci.variant" value=""/>
   </properties>
   <logs>
    <log href="https://artifacts.dev.testing-farm.io/8cc7bad4-50a8-4db5-a9c2-57e2f6e14df9/work-multihostk_smrl39/testing-farm/multihost/execute/data/guest/server/tests/testing-farm/tests/multihost/C-3" name="log_dir" schedule-entry="Fedora-Rawhide:x86_64:/testing-farm/multihost" schedule-stage="running"/>
    <log href="https://artifacts.dev.testing-farm.io/8cc7bad4-50a8-4db5-a9c2-57e2f6e14df9/work-multihostk_smrl39/testing-farm/multihost/execute/data/guest/server/tests/testing-farm/tests/multihost/C-3/output.txt" name="testout.log" schedule-entry="Fedora-Rawhide:x86_64:/testing-farm/multihost" schedule-stage="running"/>
   </logs>
   <guest name="server">
    <testing-environment name="provisioned">
     <property name="arch" value="x86_64"/>
     <property name="compose" value="Fedora-Rawhide"/>
     <property name="snapshots" value="False"/>
    </testing-environment>
   </guest>
  </testcase>
  <testcase name="/tests/testing-farm/tests/multihost/C" result="passed" serial-number="3">
   <properties>
    <property name="baseosci.status" value="Complete"/>
    <property name="baseosci.testcase.source.url" value=""/>
    <property name="baseosci.variant" value=""/>
   </properties>
   <logs>
    <log href="https://artifacts.dev.testing-farm.io/8cc7bad4-50a8-4db5-a9c2-57e2f6e14df9/work-multihostk_smrl39/testing-farm/multihost/execute/data/guest/client/tests/testing-farm/tests/multihost/C-3" name="log_dir" schedule-entry="Fedora-Rawhide:x86_64:/testing-farm/multihost" schedule-stage="running"/>
    <log href="https://artifacts.dev.testing-farm.io/8cc7bad4-50a8-4db5-a9c2-57e2f6e14df9/work-multihostk_smrl39/testing-farm/multihost/execute/data/guest/client/tests/testing-farm/tests/multihost/C-3/output.txt" name="testout.log" schedule-entry="Fedora-Rawhide:x86_64:/testing-farm/multihost" schedule-stage="running"/>
   </logs>
   <guest name="client">
    <testing-environment name="provisioned">
     <property name="arch" value="aarch64"/>
     <property name="compose" value="Fedora-40"/>
     <property name="snapshots" value="False"/>
    </testing-environment>
   </guest>
  </testcase>
  <guest name="server">
   <testing-environment name="provisioned">
    <property name="arch" value="x86_64"/>
    <property name="compose" value="Fedora-Rawhide"/>
    <property name="snapshots" value="False"/>
   </testing-environment>
  </guest>
  <guest name="client">
   <testing-environment name="provisioned">
    <property name="arch" value="aarch64"/>
    <property name="compose" value="Fedora-40"/>
    <property name="snapshots" value="False"/>
   </testing-environment>
  </guest>
 </testsuite>
</testsuites>
