<?xml version="1.0" encoding="UTF-8"?>
<testsuites overall-result="undefined">
 <properties>
  <property name="baseosci.overall-result" value="undefined"/>
 </properties>
 <testsuite name="/plans/basic" result="undefined" tests="0">
  <logs>
   <log href="http://artifacts.osci.redhat.com/testing-farm/a8ffd8d2-cd15-4996-891e-f713e2b988e5/work-basic_8ma11_u/df22a4f8-6d16-4765-b547-7928e34169d7-artemis-guest-log.yaml" name="Guest event log"/>
   <log href="http://artifacts.osci.redhat.com/testing-farm/a8ffd8d2-cd15-4996-891e-f713e2b988e5/work-basic_8ma11_u/console-df22a4f8-6d16-4765-b547-7928e34169d7.log" name="console log"/>
   <log href="http://artifacts.osci.redhat.com/testing-farm/a8ffd8d2-cd15-4996-891e-f713e2b988e5/work-basic_8ma11_u/flasher-debug-df22a4f8-6d16-4765-b547-7928e34169d7.log" name="flasher debug log"/>
   <log href="http://artifacts.osci.redhat.com/testing-farm/a8ffd8d2-cd15-4996-891e-f713e2b988e5/work-basic_8ma11_u/flasher-event-df22a4f8-6d16-4765-b547-7928e34169d7.log" name="flasher event log"/>
   <log guest-setup-stage="pre_artifact_installation" href="http://artifacts.osci.redhat.com/testing-farm/a8ffd8d2-cd15-4996-891e-f713e2b988e5/guest-setup-df22a4f8-6d16-4765-b547-7928e34169d7/guest-setup-output-pre-artifact-installation.txt" name="guest setup" schedule-stage="guest-setup"/>
   <log guest-setup-stage="post_artifact_installation" href="http://artifacts.osci.redhat.com/testing-farm/a8ffd8d2-cd15-4996-891e-f713e2b988e5/guest-setup-df22a4f8-6d16-4765-b547-7928e34169d7/guest-setup-output-post-artifact-installation.txt" name="guest setup" schedule-stage="guest-setup"/>
   <log href="/cypress/downloads/inprogress/work-basic_8ma11_u/tmt-run.log" name="tmt-log"/>
   <log href="http://artifacts.osci.redhat.com/testing-farm/a8ffd8d2-cd15-4996-891e-f713e2b988e5/work-basic_8ma11_u/tmt-reproducer.sh" name="tmt-reproducer"/>
   <log href="http://artifacts.osci.redhat.com/testing-farm/a8ffd8d2-cd15-4996-891e-f713e2b988e5/work-basic_8ma11_u" name="workdir"/>
  </logs>
  <properties>
   <property name="baseosci.result" value="undefined"/>
  </properties>
 </testsuite>
 <testsuite name="/plans/upgrade-el7toel8" result="failed" tests="6">
  <logs>
   <log href="http://artifacts.osci.redhat.com/testing-farm/a8ffd8d2-cd15-4996-891e-f713e2b988e5/work-upgrade-el7toel8ueqw_rpg/f85bd294-3345-49d6-b9b2-edb12f67f59c-artemis-guest-log.yaml" name="Guest event log"/>
   <log href="http://artifacts.osci.redhat.com/testing-farm/a8ffd8d2-cd15-4996-891e-f713e2b988e5/work-upgrade-el7toel8ueqw_rpg/console-f85bd294-3345-49d6-b9b2-edb12f67f59c.log" name="console log"/>
   <log href="http://artifacts.osci.redhat.com/testing-farm/a8ffd8d2-cd15-4996-891e-f713e2b988e5/work-upgrade-el7toel8ueqw_rpg/flasher-debug-f85bd294-3345-49d6-b9b2-edb12f67f59c.log" name="flasher debug log"/>
   <log href="http://artifacts.osci.redhat.com/testing-farm/a8ffd8d2-cd15-4996-891e-f713e2b988e5/work-upgrade-el7toel8ueqw_rpg/flasher-event-f85bd294-3345-49d6-b9b2-edb12f67f59c.log" name="flasher event log"/>
   <log guest-setup-stage="pre_artifact_installation" href="http://artifacts.osci.redhat.com/testing-farm/a8ffd8d2-cd15-4996-891e-f713e2b988e5/guest-setup-f85bd294-3345-49d6-b9b2-edb12f67f59c/guest-setup-output-pre-artifact-installation.txt" name="guest setup" schedule-stage="guest-setup"/>
   <log guest-setup-stage="post_artifact_installation" href="http://artifacts.osci.redhat.com/testing-farm/a8ffd8d2-cd15-4996-891e-f713e2b988e5/guest-setup-f85bd294-3345-49d6-b9b2-edb12f67f59c/guest-setup-output-post-artifact-installation.txt" name="guest setup" schedule-stage="guest-setup"/>
   <log href="http://artifacts.osci.redhat.com/testing-farm/a8ffd8d2-cd15-4996-891e-f713e2b988e5/work-upgrade-el7toel8ueqw_rpg/tmt-run.log" name="tmt-log"/>
   <log href="http://artifacts.osci.redhat.com/testing-farm/a8ffd8d2-cd15-4996-891e-f713e2b988e5/work-upgrade-el7toel8ueqw_rpg/tmt-reproducer.sh" name="tmt-reproducer"/>
   <log href="http://artifacts.osci.redhat.com/testing-farm/a8ffd8d2-cd15-4996-891e-f713e2b988e5/work-upgrade-el7toel8ueqw_rpg" name="workdir"/>
  </logs>
  <properties>
   <property name="baseosci.result" value="failed"/>
  </properties>
  <testcase name="/old/bug436287" result="passed" time="22">
   <properties>
    <property name="baseosci.arch" value="x86_64"/>
    <property name="baseosci.connectable_host" value="10.31.14.68"/>
    <property name="baseosci.distro" value="RHEL-9.4.0-Nightly"/>
    <property name="baseosci.status" value="Complete"/>
    <property name="baseosci.testcase.source.url" value=""/>
    <property name="baseosci.variant" value=""/>
   </properties>
   <logs>
    <log href="http://artifacts.osci.redhat.com/testing-farm/a8ffd8d2-cd15-4996-891e-f713e2b988e5/work-upgrade-el7toel8ueqw_rpg/plans/upgrade-el7toel8/execute/data/guest/default-0/old/bug436287-1/journal.txt" name="journal.txt" schedule-entry="RHEL-9.4.0-Nightly:x86_64:/plans/upgrade-el7toel8" schedule-stage="running"/>
    <log href="http://artifacts.osci.redhat.com/testing-farm/a8ffd8d2-cd15-4996-891e-f713e2b988e5/work-upgrade-el7toel8ueqw_rpg/plans/upgrade-el7toel8/execute/data/guest/default-0/old/bug436287-1" name="log_dir" schedule-entry="RHEL-9.4.0-Nightly:x86_64:/plans/upgrade-el7toel8" schedule-stage="running"/>
    <log href="http://artifacts.osci.redhat.com/testing-farm/a8ffd8d2-cd15-4996-891e-f713e2b988e5/work-upgrade-el7toel8ueqw_rpg/plans/upgrade-el7toel8/execute/data/guest/default-0/old/bug436287-1/output.txt" name="testout.log" schedule-entry="RHEL-9.4.0-Nightly:x86_64:/plans/upgrade-el7toel8" schedule-stage="running"/>
   </logs>
   <testing-environment name="requested">
    <property name="arch" value="x86_64"/>
    <property name="compose" value="RHEL-9.4.0-Nightly"/>
    <property name="snapshots" value="False"/>
   </testing-environment>
   <testing-environment name="provisioned">
    <property name="arch" value="x86_64"/>
    <property name="compose" value="RHEL-9.4.0-Nightly"/>
    <property name="snapshots" value="False"/>
   </testing-environment>
  </testcase>
  <testcase name="/upgrade/tasks/00_initial_checks" result="failed" time="2">
   <properties>
    <property name="baseosci.arch" value="x86_64"/>
    <property name="baseosci.connectable_host" value="10.31.14.68"/>
    <property name="baseosci.distro" value="RHEL-9.4.0-Nightly"/>
    <property name="baseosci.status" value="Complete"/>
    <property name="baseosci.testcase.source.url" value=""/>
    <property name="baseosci.variant" value=""/>
   </properties>
   <logs>
    <log href="http://artifacts.osci.redhat.com/testing-farm/a8ffd8d2-cd15-4996-891e-f713e2b988e5/work-upgrade-el7toel8ueqw_rpg/plans/upgrade-el7toel8/execute/data/guest/default-0/upgrade/tasks/00_initial_checks-0/journal.txt" name="journal.txt" schedule-entry="RHEL-9.4.0-Nightly:x86_64:/plans/upgrade-el7toel8" schedule-stage="running"/>
    <log href="http://artifacts.osci.redhat.com/testing-farm/a8ffd8d2-cd15-4996-891e-f713e2b988e5/work-upgrade-el7toel8ueqw_rpg/plans/upgrade-el7toel8/execute/data/guest/default-0/upgrade/tasks/00_initial_checks-0" name="log_dir" schedule-entry="RHEL-9.4.0-Nightly:x86_64:/plans/upgrade-el7toel8" schedule-stage="running"/>
    <log href="http://artifacts.osci.redhat.com/testing-farm/a8ffd8d2-cd15-4996-891e-f713e2b988e5/work-upgrade-el7toel8ueqw_rpg/plans/upgrade-el7toel8/execute/data/guest/default-0/upgrade/tasks/00_initial_checks-0/output.txt" name="testout.log" schedule-entry="RHEL-9.4.0-Nightly:x86_64:/plans/upgrade-el7toel8" schedule-stage="running"/>
   </logs>
   <failure/>
   <testing-environment name="requested">
    <property name="arch" value="x86_64"/>
    <property name="compose" value="RHEL-9.4.0-Nightly"/>
    <property name="snapshots" value="False"/>
   </testing-environment>
   <testing-environment name="provisioned">
    <property name="arch" value="x86_64"/>
    <property name="compose" value="RHEL-9.4.0-Nightly"/>
    <property name="snapshots" value="False"/>
   </testing-environment>
  </testcase>
  <testcase name="/new/bug436287" result="passed" time="11">
   <properties>
    <property name="baseosci.arch" value="x86_64"/>
    <property name="baseosci.connectable_host" value="10.31.14.68"/>
    <property name="baseosci.distro" value="RHEL-9.4.0-Nightly"/>
    <property name="baseosci.status" value="Complete"/>
    <property name="baseosci.testcase.source.url" value=""/>
    <property name="baseosci.variant" value=""/>
   </properties>
   <logs>
    <log href="http://artifacts.osci.redhat.com/testing-farm/a8ffd8d2-cd15-4996-891e-f713e2b988e5/work-upgrade-el7toel8ueqw_rpg/plans/upgrade-el7toel8/execute/data/guest/default-0/new/bug436287-1/journal.txt" name="journal.txt" schedule-entry="RHEL-9.4.0-Nightly:x86_64:/plans/upgrade-el7toel8" schedule-stage="running"/>
    <log href="http://artifacts.osci.redhat.com/testing-farm/a8ffd8d2-cd15-4996-891e-f713e2b988e5/work-upgrade-el7toel8ueqw_rpg/plans/upgrade-el7toel8/execute/data/guest/default-0/new/bug436287-1" name="log_dir" schedule-entry="RHEL-9.4.0-Nightly:x86_64:/plans/upgrade-el7toel8" schedule-stage="running"/>
    <log href="http://artifacts.osci.redhat.com/testing-farm/a8ffd8d2-cd15-4996-891e-f713e2b988e5/work-upgrade-el7toel8ueqw_rpg/plans/upgrade-el7toel8/execute/data/guest/default-0/new/bug436287-1/output.txt" name="testout.log" schedule-entry="RHEL-9.4.0-Nightly:x86_64:/plans/upgrade-el7toel8" schedule-stage="running"/>
   </logs>
   <testing-environment name="requested">
    <property name="arch" value="x86_64"/>
    <property name="compose" value="RHEL-9.4.0-Nightly"/>
    <property name="snapshots" value="False"/>
   </testing-environment>
   <testing-environment name="provisioned">
    <property name="arch" value="x86_64"/>
    <property name="compose" value="RHEL-9.4.0-Nightly"/>
    <property name="snapshots" value="False"/>
   </testing-environment>
  </testcase>
  <testing-environment name="requested">
   <property name="arch" value="x86_64"/>
   <property name="compose" value="RHEL-9.4.0-Nightly"/>
   <property name="snapshots" value="False"/>
  </testing-environment>
  <testing-environment name="provisioned">
   <property name="arch" value="x86_64"/>
   <property name="compose" value="RHEL-9.4.0-Nightly"/>
   <property name="snapshots" value="False"/>
  </testing-environment>
 </testsuite>
 <testsuite name="/plans/upgrade-el8toel9" result="failed" tests="6">
  <logs>
   <log href="http://artifacts.osci.redhat.com/testing-farm/a8ffd8d2-cd15-4996-891e-f713e2b988e5/work-upgrade-el8toel90rm_gmcs/dbcdb77f-e8b8-4e15-8d50-fb7814453fab-artemis-guest-log.yaml" name="Guest event log"/>
   <log href="http://artifacts.osci.redhat.com/testing-farm/a8ffd8d2-cd15-4996-891e-f713e2b988e5/work-upgrade-el8toel90rm_gmcs/console-dbcdb77f-e8b8-4e15-8d50-fb7814453fab.log" name="console log"/>
   <log href="http://artifacts.osci.redhat.com/testing-farm/a8ffd8d2-cd15-4996-891e-f713e2b988e5/work-upgrade-el8toel90rm_gmcs/flasher-debug-dbcdb77f-e8b8-4e15-8d50-fb7814453fab.log" name="flasher debug log"/>
   <log href="http://artifacts.osci.redhat.com/testing-farm/a8ffd8d2-cd15-4996-891e-f713e2b988e5/work-upgrade-el8toel90rm_gmcs/flasher-event-dbcdb77f-e8b8-4e15-8d50-fb7814453fab.log" name="flasher event log"/>
   <log guest-setup-stage="pre_artifact_installation" href="http://artifacts.osci.redhat.com/testing-farm/a8ffd8d2-cd15-4996-891e-f713e2b988e5/guest-setup-dbcdb77f-e8b8-4e15-8d50-fb7814453fab/guest-setup-output-pre-artifact-installation.txt" name="guest setup" schedule-stage="guest-setup"/>
   <log guest-setup-stage="post_artifact_installation" href="http://artifacts.osci.redhat.com/testing-farm/a8ffd8d2-cd15-4996-891e-f713e2b988e5/guest-setup-dbcdb77f-e8b8-4e15-8d50-fb7814453fab/guest-setup-output-post-artifact-installation.txt" name="guest setup" schedule-stage="guest-setup"/>
   <log href="http://artifacts.osci.redhat.com/testing-farm/a8ffd8d2-cd15-4996-891e-f713e2b988e5/work-upgrade-el8toel90rm_gmcs/tmt-run.log" name="tmt-log"/>
   <log href="http://artifacts.osci.redhat.com/testing-farm/a8ffd8d2-cd15-4996-891e-f713e2b988e5/work-upgrade-el8toel90rm_gmcs/tmt-reproducer.sh" name="tmt-reproducer"/>
   <log href="http://artifacts.osci.redhat.com/testing-farm/a8ffd8d2-cd15-4996-891e-f713e2b988e5/work-upgrade-el8toel90rm_gmcs" name="workdir"/>
  </logs>
  <properties>
   <property name="baseosci.result" value="failed"/>
  </properties>
  <testcase name="/old/bug436287" result="passed" time="22">
   <properties>
    <property name="baseosci.arch" value="x86_64"/>
    <property name="baseosci.connectable_host" value="10.31.15.122"/>
    <property name="baseosci.distro" value="RHEL-9.4.0-Nightly"/>
    <property name="baseosci.status" value="Running"/>
    <property name="baseosci.testcase.source.url" value=""/>
    <property name="baseosci.variant" value=""/>
   </properties>
   <logs>
    <log href="http://artifacts.osci.redhat.com/testing-farm/a8ffd8d2-cd15-4996-891e-f713e2b988e5/work-upgrade-el8toel90rm_gmcs/plans/upgrade-el8toel9/execute/data/guest/default-0/old/bug436287-1/journal.txt" name="journal.txt" schedule-entry="RHEL-9.4.0-Nightly:x86_64:/plans/upgrade-el8toel9" schedule-stage="running"/>
    <log href="http://artifacts.osci.redhat.com/testing-farm/a8ffd8d2-cd15-4996-891e-f713e2b988e5/work-upgrade-el8toel90rm_gmcs/plans/upgrade-el8toel9/execute/data/guest/default-0/old/bug436287-1" name="log_dir" schedule-entry="RHEL-9.4.0-Nightly:x86_64:/plans/upgrade-el8toel9" schedule-stage="running"/>
    <log href="http://artifacts.osci.redhat.com/testing-farm/a8ffd8d2-cd15-4996-891e-f713e2b988e5/work-upgrade-el8toel90rm_gmcs/plans/upgrade-el8toel9/execute/data/guest/default-0/old/bug436287-1/output.txt" name="testout.log" schedule-entry="RHEL-9.4.0-Nightly:x86_64:/plans/upgrade-el8toel9" schedule-stage="running"/>
   </logs>
   <testing-environment name="requested">
    <property name="arch" value="x86_64"/>
    <property name="compose" value="RHEL-9.4.0-Nightly"/>
    <property name="snapshots" value="False"/>
   </testing-environment>
   <testing-environment name="provisioned">
    <property name="arch" value="x86_64"/>
    <property name="compose" value="RHEL-9.4.0-Nightly"/>
    <property name="snapshots" value="False"/>
   </testing-environment>
  </testcase>
  <testcase name="/upgrade/tasks/00_initial_checks" result="failed" time="2">
   <properties>
    <property name="baseosci.arch" value="x86_64"/>
    <property name="baseosci.connectable_host" value="10.31.15.122"/>
    <property name="baseosci.distro" value="RHEL-9.4.0-Nightly"/>
    <property name="baseosci.status" value="Running"/>
    <property name="baseosci.testcase.source.url" value=""/>
    <property name="baseosci.variant" value=""/>
   </properties>
   <logs>
    <log href="http://artifacts.osci.redhat.com/testing-farm/a8ffd8d2-cd15-4996-891e-f713e2b988e5/work-upgrade-el8toel90rm_gmcs/plans/upgrade-el8toel9/execute/data/guest/default-0/upgrade/tasks/00_initial_checks-0/journal.txt" name="journal.txt" schedule-entry="RHEL-9.4.0-Nightly:x86_64:/plans/upgrade-el8toel9" schedule-stage="running"/>
    <log href="http://artifacts.osci.redhat.com/testing-farm/a8ffd8d2-cd15-4996-891e-f713e2b988e5/work-upgrade-el8toel90rm_gmcs/plans/upgrade-el8toel9/execute/data/guest/default-0/upgrade/tasks/00_initial_checks-0" name="log_dir" schedule-entry="RHEL-9.4.0-Nightly:x86_64:/plans/upgrade-el8toel9" schedule-stage="running"/>
    <log href="http://artifacts.osci.redhat.com/testing-farm/a8ffd8d2-cd15-4996-891e-f713e2b988e5/work-upgrade-el8toel90rm_gmcs/plans/upgrade-el8toel9/execute/data/guest/default-0/upgrade/tasks/00_initial_checks-0/output.txt" name="testout.log" schedule-entry="RHEL-9.4.0-Nightly:x86_64:/plans/upgrade-el8toel9" schedule-stage="running"/>
   </logs>
   <failure/>
   <testing-environment name="requested">
    <property name="arch" value="x86_64"/>
    <property name="compose" value="RHEL-9.4.0-Nightly"/>
    <property name="snapshots" value="False"/>
   </testing-environment>
   <testing-environment name="provisioned">
    <property name="arch" value="x86_64"/>
    <property name="compose" value="RHEL-9.4.0-Nightly"/>
    <property name="snapshots" value="False"/>
   </testing-environment>
  </testcase>
  <testcase name="/upgrade/tasks/20_upgrade" result="error" time="0" note="aborted">
   <properties>
    <property name="baseosci.arch" value="x86_64"/>
    <property name="baseosci.connectable_host" value="10.31.15.122"/>
    <property name="baseosci.distro" value="RHEL-9.4.0-Nightly"/>
    <property name="baseosci.status" value="Running"/>
    <property name="baseosci.testcase.source.url" value=""/>
    <property name="baseosci.variant" value=""/>
   </properties>
   <logs>
    <log href="http://artifacts.osci.redhat.com/testing-farm/a8ffd8d2-cd15-4996-891e-f713e2b988e5/work-upgrade-el8toel90rm_gmcs/plans/upgrade-el8toel9/execute/data/guest/default-0/upgrade/tasks/20_upgrade-0/journal.txt" name="journal.txt" schedule-entry="RHEL-9.4.0-Nightly:x86_64:/plans/upgrade-el8toel9" schedule-stage="running"/>
    <log href="http://artifacts.osci.redhat.com/testing-farm/a8ffd8d2-cd15-4996-891e-f713e2b988e5/work-upgrade-el8toel90rm_gmcs/plans/upgrade-el8toel9/execute/data/guest/default-0/upgrade/tasks/20_upgrade-0" name="log_dir" schedule-entry="RHEL-9.4.0-Nightly:x86_64:/plans/upgrade-el8toel9" schedule-stage="running"/>
    <log href="http://artifacts.osci.redhat.com/testing-farm/a8ffd8d2-cd15-4996-891e-f713e2b988e5/work-upgrade-el8toel90rm_gmcs/plans/upgrade-el8toel9/execute/data/guest/default-0/upgrade/tasks/20_upgrade-0/output.txt" name="testout.log" schedule-entry="RHEL-9.4.0-Nightly:x86_64:/plans/upgrade-el8toel9" schedule-stage="running"/>
   </logs>
   <error/>
   <testing-environment name="requested">
    <property name="arch" value="x86_64"/>
    <property name="compose" value="RHEL-9.4.0-Nightly"/>
    <property name="snapshots" value="False"/>
   </testing-environment>
   <testing-environment name="provisioned">
    <property name="arch" value="x86_64"/>
    <property name="compose" value="RHEL-9.4.0-Nightly"/>
    <property name="snapshots" value="False"/>
   </testing-environment>
  </testcase>
  <testcase name="/new/bug436287" result="passed" time="11">
   <properties>
    <property name="baseosci.arch" value="x86_64"/>
    <property name="baseosci.connectable_host" value="10.31.15.122"/>
    <property name="baseosci.distro" value="RHEL-9.4.0-Nightly"/>
    <property name="baseosci.status" value="Running"/>
    <property name="baseosci.testcase.source.url" value=""/>
    <property name="baseosci.variant" value=""/>
   </properties>
   <logs>
    <log href="http://artifacts.osci.redhat.com/testing-farm/a8ffd8d2-cd15-4996-891e-f713e2b988e5/work-upgrade-el8toel90rm_gmcs/plans/upgrade-el8toel9/execute/data/guest/default-0/new/bug436287-1/journal.txt" name="journal.txt" schedule-entry="RHEL-9.4.0-Nightly:x86_64:/plans/upgrade-el8toel9" schedule-stage="running"/>
    <log href="http://artifacts.osci.redhat.com/testing-farm/a8ffd8d2-cd15-4996-891e-f713e2b988e5/work-upgrade-el8toel90rm_gmcs/plans/upgrade-el8toel9/execute/data/guest/default-0/new/bug436287-1" name="log_dir" schedule-entry="RHEL-9.4.0-Nightly:x86_64:/plans/upgrade-el8toel9" schedule-stage="running"/>
    <log href="http://artifacts.osci.redhat.com/testing-farm/a8ffd8d2-cd15-4996-891e-f713e2b988e5/work-upgrade-el8toel90rm_gmcs/plans/upgrade-el8toel9/execute/data/guest/default-0/new/bug436287-1/output.txt" name="testout.log" schedule-entry="RHEL-9.4.0-Nightly:x86_64:/plans/upgrade-el8toel9" schedule-stage="running"/>
   </logs>
   <testing-environment name="requested">
    <property name="arch" value="x86_64"/>
    <property name="compose" value="RHEL-9.4.0-Nightly"/>
    <property name="snapshots" value="False"/>
   </testing-environment>
   <testing-environment name="provisioned">
    <property name="arch" value="x86_64"/>
    <property name="compose" value="RHEL-9.4.0-Nightly"/>
    <property name="snapshots" value="False"/>
   </testing-environment>
  </testcase>
  <testing-environment name="requested">
   <property name="arch" value="x86_64"/>
   <property name="compose" value="RHEL-9.4.0-Nightly"/>
   <property name="snapshots" value="False"/>
  </testing-environment>
  <testing-environment name="provisioned">
   <property name="arch" value="x86_64"/>
   <property name="compose" value="RHEL-9.4.0-Nightly"/>
   <property name="snapshots" value="False"/>
  </testing-environment>
 </testsuite>
 <testsuite name="/plans/upgrade-el8toel9_2" result="undefined" tests="0" stage='guest_setup'>
  <logs>
   <log href="http://artifacts.osci.redhat.com/testing-farm/a8ffd8d2-cd15-4996-891e-f713e2b988e5/work-upgrade-el8toel9_22znti6c5/8a55927a-178c-49e2-a786-d3fb08397323-artemis-guest-log.yaml" name="Guest event log"/>
   <log href="http://artifacts.osci.redhat.com/testing-farm/a8ffd8d2-cd15-4996-891e-f713e2b988e5/work-upgrade-el8toel9_22znti6c5/console-8a55927a-178c-49e2-a786-d3fb08397323.log" name="console log"/>
   <log href="http://artifacts.osci.redhat.com/testing-farm/a8ffd8d2-cd15-4996-891e-f713e2b988e5/work-upgrade-el8toel9_22znti6c5/flasher-debug-8a55927a-178c-49e2-a786-d3fb08397323.log" name="flasher debug log"/>
   <log href="http://artifacts.osci.redhat.com/testing-farm/a8ffd8d2-cd15-4996-891e-f713e2b988e5/work-upgrade-el8toel9_22znti6c5/flasher-event-8a55927a-178c-49e2-a786-d3fb08397323.log" name="flasher event log"/>
   <log guest-setup-stage="pre_artifact_installation" href="http://artifacts.osci.redhat.com/testing-farm/a8ffd8d2-cd15-4996-891e-f713e2b988e5/guest-setup-8a55927a-178c-49e2-a786-d3fb08397323/guest-setup-output-pre-artifact-installation.txt" name="guest setup" schedule-stage="guest-setup"/>
   <log guest-setup-stage="post_artifact_installation" href="http://artifacts.osci.redhat.com/testing-farm/a8ffd8d2-cd15-4996-891e-f713e2b988e5/guest-setup-8a55927a-178c-49e2-a786-d3fb08397323/guest-setup-output-post-artifact-installation.txt" name="guest setup" schedule-stage="guest-setup"/>
   <log href="/tmt-run.log" name="tmt-log"/>
   <log href="http://artifacts.osci.redhat.com/testing-farm/a8ffd8d2-cd15-4996-891e-f713e2b988e5/work-upgrade-el8toel9_22znti6c5/tmt-reproducer.sh" name="tmt-reproducer"/>
   <log href="http://artifacts.osci.redhat.com/testing-farm/a8ffd8d2-cd15-4996-891e-f713e2b988e5/work-upgrade-el8toel9_22znti6c5" name="workdir"/>
  </logs>
  <properties>
   <property name="baseosci.result" value="error"/>
  </properties>
 </testsuite>
</testsuites>
